<?xml version="1.0" encoding="UTF-8"?>
<!-- Generated by org.testng.reporters.JUnitReportReporter -->
<testsuite hostname="Neethu" failures="0" tests="1" name="testScript.AdminUsersTest" time="8.062" errors="0" timestamp="2025-01-24T12:22:09 IST" skipped="0">
  <testcase classname="testScript.AdminUsersTest" name="verifyAdminUserSearch" time="8.062"/>
</testsuite> <!-- testScript.AdminUsersTest -->
