<?xml version="1.0" encoding="UTF-8"?>
<!-- Generated by org.testng.reporters.JUnitReportReporter -->
<testsuite hostname="Neethu" failures="0" tests="1" name="testScript.HomeTest" time="6.806" errors="0" timestamp="2025-01-24T12:28:32 IST" skipped="0">
  <testcase classname="testScript.HomeTest" name="verifyLogOut" time="6.806"/>
</testsuite> <!-- testScript.HomeTest -->
