<?xml version="1.0" encoding="UTF-8"?>
<!-- Generated by org.testng.reporters.JUnitReportReporter -->
<testsuite hostname="Neethu" failures="0" tests="2" name="testScript.LoginTest" time="8.124" errors="0" timestamp="2025-02-10T14:58:38 IST" skipped="0">
  <testcase classname="testScript.LoginTest" name="verifyLoginWithInvalidUsenameValidPassword" time="4.082"/>
  <testcase classname="testScript.LoginTest" name="verifyLoginWithInvalidUsenameInValidPassword" time="4.042"/>
</testsuite> <!-- testScript.LoginTest -->
