<?xml version="1.0" encoding="UTF-8"?>
<!-- Generated by org.testng.reporters.JUnitReportReporter -->
<testsuite hostname="Neethu" failures="0" tests="2" name="testScript.ManageNewsTest" time="23.923" errors="0" timestamp="2025-01-24T12:37:52 IST" skipped="0">
  <testcase classname="testScript.ManageNewsTest" name="verifyNewNewsCreation" time="11.838"/>
  <testcase classname="testScript.ManageNewsTest" name="verifyCreatedNewsSearch" time="12.085"/>
</testsuite> <!-- testScript.ManageNewsTest -->
