<?xml version="1.0" encoding="UTF-8"?>
<!-- Generated by org.testng.reporters.JUnitReportReporter -->
<testsuite hostname="Neethu" failures="0" tests="1" name="testScript.LoginTest" time="6.105" errors="0" timestamp="2025-01-23T15:13:40 IST" skipped="0">
  <testcase classname="testScript.LoginTest" name="verifyLoginWithInvalidUsenameValidPassword" time="6.105"/>
</testsuite> <!-- testScript.LoginTest -->
