<?xml version="1.0" encoding="UTF-8"?>
<!-- Generated by org.testng.reporters.JUnitReportReporter -->
<testsuite hostname="Neethu" failures="0" tests="1" name="testScript.SubCategoryTest" time="18.256" errors="0" timestamp="2025-01-28T15:39:05 IST" skipped="0">
  <testcase classname="testScript.SubCategoryTest" name="verifyCreationOfNewSubCategory__FileUploadUsingSendKeys" time="18.256"/>
</testsuite> <!-- testScript.SubCategoryTest -->
