<?xml version="1.0" encoding="UTF-8"?>
<!-- Generated by org.testng.reporters.JUnitReportReporter -->
<testsuite hostname="Neethu" failures="0" tests="1" name="testScript.CategoryTest" time="11.288" errors="0" timestamp="2025-02-05T10:27:06 IST" skipped="0">
  <testcase classname="testScript.CategoryTest" name="verifyCreationOfNewCategoryInCategoryPage" time="11.288"/>
</testsuite> <!-- testScript.CategoryTest -->
