<?xml version="1.0" encoding="UTF-8"?>
<!-- Generated by org.testng.reporters.JUnitReportReporter -->
<testsuite hostname="Neethu" failures="0" tests="1" name="testScript.SubCategoryTest" time="41.376" errors="0" timestamp="2025-02-04T12:02:41 IST" skipped="0">
  <testcase classname="testScript.SubCategoryTest" name="verifyCreationOfNewSubCategory__FileUploadUsingSendKeys" time="41.376"/>
</testsuite> <!-- testScript.SubCategoryTest -->
